[2026-04-06 07:00:04] 開始同步季報至 GitHub...
Q4: 1743 TXT, 1743 MD copied, 98 empty skipped
Q3: 434 TXT, 434 MD copied, 72 empty skipped
[main db072cd] Update: 2026-04-06 07:00 -     2438 reports
 736 files changed, 1219277 insertions(+)
 create mode 100644 "2025/Q4/1101/\345\217\260\350\202\241\345\255\243\345\240\26120254_1101.md"
 create mode 100644 "2025/Q4/1101/\345\217\260\350\202\241\345\255\243\345\240\2612025Q4_1101.TXT"
 create mode 100644 "2025/Q4/1102/\345\217\260\350\202\241\345\255\243\345\240\2612025Q4_1102.TXT"
 create mode 100644 "2025/Q4/1103/\345\217\260\350\202\241\345\255\243\345\240\261202504_1103.md"
 create mode 100644 "2025/Q4/1103/\345\217\260\350\202\241\345\255\243\345\240\2612025Q4_1103.TXT"
 create mode 100644 "2025/Q4/1104/\345\217\260\350\202\241\345\255\243\345\240\261202504_1104.md"
 create mode 100644 "2025/Q4/1108/\345\217\260\350\202\241\345\255\243\345\240\26120254_1108.md"
 create mode 100644 "2025/Q4/1108/\345\217\260\350\202\241\345\255\243\345\240\2612025Q04_1108.TXT"
 create mode 100644 "2025/Q4/1109/\345\217\260\350\202\241\345\255\243\345\240\2612025Q4_1109.TXT"
 create mode 100644 "2025/Q4/1110/\345\217\260\350\202\241\345\255\243\345\240\26120254_1110.md"
 create mode 100644 "2025/Q4/1110/\345\217\260\350\202\241\345\255\243\345\240\2612025Q4_1110.TXT"
 create mode 100644 "2025/Q4/1201/\345\217\260\350\202\241\345\255\243\345\240\261202504_1201.md"
 create mode 100644 "2025/Q4/1201/\345\217\260\350\202\241\345\255\243\345\240\2612025Q04_1201.TXT"
 create mode 100644 "2025/Q4/1210/\345\217\260\350\202\241\345\255\243\345\240\261202504_1210.md"
 create mode 100644 "2025/Q4/1210/\345\217\260\350\202\241\345\255\243\345\240\2612025Q4_1210.TXT"
 create mode 100644 "2025/Q4/1213/\345\217\260\350\202\241\345\255\243\345\240\26120254_1213.md"
 create mode 100644 "2025/Q4/1213/\345\217\260\350\202\241\345\255\243\345\240\2612025Q4_1213.TXT"
 create mode 100644 "2025/Q4/1215/\345\217\260\350\202\241\345\255\243\345\240\26120254_1215.md"
 create mode 100644 "2025/Q4/1215/\345\217\260\350\202\241\345\255\243\345\240\2612025Q4_1215.TXT"
 create mode 100644 "2025/Q4/1216/\345\217\260\350\202\241\345\255\243\345\240\261202504_1216.md"
 create mode 100644 "2025/Q4/1216/\345\217\260\350\202\241\345\255\243\345\240\2612025Q4_1216.TXT"
 create mode 100644 "2025/Q4/1217/\345\217\260\350\202\241\345\255\243\345\240\261202504_1217.md"
 create mode 100644 "2025/Q4/1217/\345\217\260\350\202\241\345\255\243\345\240\2612025Q4_1217.TXT"
 create mode 100644 "2025/Q4/1218/\345\217\260\350\202\241\345\255\243\345\240\26120254_1218.md"
 create mode 100644 "2025/Q4/1218/\345\217\260\350\202\241\345\255\243\345\240\2612025Q04_1218.TXT"
 create mode 100644 "2025/Q4/1219/\345\217\260\350\202\241\345\255\243\345\240\26120254_1219.md"
 create mode 100644 "2025/Q4/1219/\345\217\260\350\202\241\345\255\243\345\240\2612025Q04_1219.TXT"
 create mode 100644 "2025/Q4/1220/\345\217\260\350\202\241\345\255\243\345\240\26120254_1220.md"
 create mode 100644 "2025/Q4/1220/\345\217\260\350\202\241\345\255\243\345\240\2612025Q04_1220.TXT"
 create mode 100644 "2025/Q4/1225/\345\217\260\350\202\241\345\255\243\345\240\261202504_1225.md"
 create mode 100644 "2025/Q4/1225/\345\217\260\350\202\241\345\255\243\345\240\2612025Q4_1225.TXT"
 create mode 100644 "2025/Q4/1229/\345\217\260\350\202\241\345\255\243\345\240\26120254_1229.md"
 create mode 100644 "2025/Q4/1231/\345\217\260\350\202\241\345\255\243\345\240\261202504_1231.md"
 create mode 100644 "2025/Q4/1232/\345\217\260\350\202\241\345\255\243\345\240\261202504_1232.md"
 create mode 100644 "2025/Q4/1232/\345\217\260\350\202\241\345\255\243\345\240\2612025Q04_1232.TXT"
 create mode 100644 "2025/Q4/1233/\345\217\260\350\202\241\345\255\243\345\240\26120254_1233.md"
 create mode 100644 "2025/Q4/1233/\345\217\260\350\202\241\345\255\243\345\240\2612025Q4_1233.TXT"
 create mode 100644 "2025/Q4/1234/\345\217\260\350\202\241\345\255\243\345\240\26120254_1234.md"
 create mode 100644 "2025/Q4/1234/\345\217\260\350\202\241\345\255\243\345\240\2612025Q4_1234.TXT"
 create mode 100644 "2025/Q4/1236/\345\217\260\350\202\241\345\255\243\345\240\261202504_1236.md"
 create mode 100644 "2025/Q4/1236/\345\217\260\350\202\241\345\255\243\345\240\2612025Q04_1236.TXT"
 create mode 100644 "2025/Q4/1256/\345\217\260\350\202\241\345\255\243\345\240\26120254_1256.md"
 create mode 100644 "2025/Q4/1256/\345\217\260\350\202\241\345\255\243\345\240\2612025Q4_1256.TXT"
 create mode 100644 "2025/Q4/1268/\345\217\260\350\202\241\345\255\243\345\240\261202504_1268.md"
 create mode 100644 "2025/Q4/1268/\345\217\260\350\202\241\345\255\243\345\240\2612025Q4_1268.TXT"
 create mode 100644 "2025/Q4/1294/\345\217\260\350\202\241\345\255\243\345\240\26120254_1294.md"
 create mode 100644 "2025/Q4/1294/\345\217\260\350\202\241\345\255\243\345\240\2612025Q04_1294.TXT"
 create mode 100644 "2025/Q4/1295/\345\217\260\350\202\241\345\255\243\345\240\261202504_1295.md"
 create mode 100644 "2025/Q4/1295/\345\217\260\350\202\241\345\255\243\345\240\2612025Q4_1295.TXT"
 create mode 100644 "2025/Q4/1301/\345\217\260\350\202\241\345\255\243\345\240\261202504_1301.md"
 create mode 100644 "2025/Q4/1301/\345\217\260\350\202\241\345\255\243\345\240\2612025Q4_1301.TXT"
 create mode 100644 "2025/Q4/1303/\345\217\260\350\202\241\345\255\243\345\240\26120254_1303.md"
 create mode 100644 "2025/Q4/1303/\345\217\260\350\202\241\345\255\243\345\240\2612025Q4_1303.TXT"
 create mode 100644 "2025/Q4/1304/\345\217\260\350\202\241\345\255\243\345\240\261202504_1304.md"
 create mode 100644 "2025/Q4/1304/\345\217\260\350\202\241\345\255\243\345\240\2612025Q04_1304.TXT"
 create mode 100644 "2025/Q4/1305/\345\217\260\350\202\241\345\255\243\345\240\26120254_1305.md"
 create mode 100644 "2025/Q4/1305/\345\217\260\350\202\241\345\255\243\345\240\2612025Q4_1305.TXT"
 create mode 100644 "2025/Q4/1307/\345\217\260\350\202\241\345\255\243\345\240\26120254_1307.md"
 create mode 100644 "2025/Q4/1307/\345\217\260\350\202\241\345\255\243\345\240\2612025Q04_1307.TXT"
 create mode 100644 "2025/Q4/1308/\345\217\260\350\202\241\345\255\243\345\240\261202504_1308.md"
 create mode 100644 "2025/Q4/1308/\345\217\260\350\202\241\345\255\243\345\240\2612025Q4_1308.TXT"
 create mode 100644 "2025/Q4/1309/\345\217\260\350\202\241\345\255\243\345\240\26120254_1309.md"
 create mode 100644 "2025/Q4/1309/\345\217\260\350\202\241\345\255\243\345\240\2612025Q4_1309.TXT"
 create mode 100644 "2025/Q4/1310/\345\217\260\350\202\241\345\255\243\345\240\261202504_1310.md"
 create mode 100644 "2025/Q4/1310/\345\217\260\350\202\241\345\255\243\345\240\2612025Q4_1310.TXT"
 create mode 100644 "2025/Q4/1312/\345\217\260\350\202\241\345\255\243\345\240\26120254_1312.md"
 create mode 100644 "2025/Q4/1312/\345\217\260\350\202\241\345\255\243\345\240\2612025Q4_1312.TXT"
 create mode 100644 "2025/Q4/1313/\345\217\260\350\202\241\345\255\243\345\240\261202504_1313.md"
 create mode 100644 "2025/Q4/1313/\345\217\260\350\202\241\345\255\243\345\240\2612025Q04_1313.TXT"
 create mode 100644 "2025/Q4/1314/\345\217\260\350\202\241\345\255\243\345\240\26120254_1314.md"
 create mode 100644 "2025/Q4/1314/\345\217\260\350\202\241\345\255\243\345\240\2612025Q4_1314.TXT"
 create mode 100644 "2025/Q4/1315/\345\217\260\350\202\241\345\255\243\345\240\261202504_1315.md"
 create mode 100644 "2025/Q4/1315/\345\217\260\350\202\241\345\255\243\345\240\2612025Q04_1315.TXT"
 create mode 100644 "2025/Q4/1319/\345\217\260\350\202\241\345\255\243\345\240\26120254_1319.md"
 create mode 100644 "2025/Q4/1319/\345\217\260\350\202\241\345\255\243\345\240\2612025Q04_1319.TXT"
 create mode 100644 "2025/Q4/1321/\345\217\260\350\202\241\345\255\243\345\240\261202504_1321.md"
 create mode 100644 "2025/Q4/1321/\345\217\260\350\202\241\345\255\243\345\240\2612025Q4_1321.TXT"
 create mode 100644 "2025/Q4/1323/\345\217\260\350\202\241\345\255\243\345\240\26120254_1323.md"
 create mode 100644 "2025/Q4/1323/\345\217\260\350\202\241\345\255\243\345\240\2612025Q4_1323.TXT"
 create mode 100644 "2025/Q4/1324/\345\217\260\350\202\241\345\255\243\345\240\26120254_1324.md"
 create mode 100644 "2025/Q4/1324/\345\217\260\350\202\241\345\255\243\345\240\2612025Q04_1324.TXT"
 create mode 100644 "2025/Q4/1325/\345\217\260\350\202\241\345\255\243\345\240\26120254_1325.md"
 create mode 100644 "2025/Q4/1325/\345\217\260\350\202\241\345\255\243\345\240\2612025Q04_1325.TXT"
 create mode 100644 "2025/Q4/1326/\345\217\260\350\202\241\345\255\243\345\240\261202504_1326.md"
 create mode 100644 "2025/Q4/1326/\345\217\260\350\202\241\345\255\243\345\240\2612025Q04_1326.TXT"
 create mode 100644 "2025/Q4/1336/\345\217\260\350\202\241\345\255\243\345\240\261202504_1336.md"
 create mode 100644 "2025/Q4/1336/\345\217\260\350\202\241\345\255\243\345\240\2612025Q4_1336.TXT"
 create mode 100644 "2025/Q4/1337/\345\217\260\350\202\241\345\255\243\345\240\261202504_1337.md"
 create mode 100644 "2025/Q4/1337/\345\217\260\350\202\241\345\255\243\345\240\2612025Q04_1337.TXT"
 create mode 100644 "2025/Q4/1338/\345\217\260\350\202\241\345\255\243\345\240\26120254_1338.md"
 create mode 100644 "2025/Q4/1338/\345\217\260\350\202\241\345\255\243\345\240\2612025Q4_1338.TXT"
 create mode 100644 "2025/Q4/1339/\345\217\260\350\202\241\345\255\243\345\240\2612025Q4_1339.TXT"
 create mode 100644 "2025/Q4/1340/\345\217\260\350\202\241\345\255\243\345\240\261202504_1340.md"
 create mode 100644 "2025/Q4/1340/\345\217\260\350\202\241\345\255\243\345\240\2612025Q4_1340.TXT"
 create mode 100644 "2025/Q4/1341/\345\217\260\350\202\241\345\255\243\345\240\26120254_1341.md"
 create mode 100644 "2025/Q4/1341/\345\217\260\350\202\241\345\255\243\345\240\2612025Q4_1341.TXT"
 create mode 100644 "2025/Q4/1402/\345\217\260\350\202\241\345\255\243\345\240\26120254_1402.md"
 create mode 100644 "2025/Q4/1402/\345\217\260\350\202\241\345\255\243\345\240\2612025Q04_1402.TXT"
 create mode 100644 "2025/Q4/1409/\345\217\260\350\202\241\345\255\243\345\240\261202504_1409.md"
 create mode 100644 "2025/Q4/1409/\345\217\260\350\202\241\345\255\243\345\240\2612025Q04_1409.TXT"
 create mode 100644 "2025/Q4/1410/\345\217\260\350\202\241\345\255\243\345\240\261202504_1410.md"
 create mode 100644 "2025/Q4/1410/\345\217\260\350\202\241\345\255\243\345\240\2612025Q4_1410.TXT"
 create mode 100644 "2025/Q4/1416/\345\217\260\350\202\241\345\255\243\345\240\261202504_1416.md"
 create mode 100644 "2025/Q4/1416/\345\217\260\350\202\241\345\255\243\345\240\2612025Q4_1416.TXT"
 create mode 100644 "2025/Q4/1417/\345\217\260\350\202\241\345\255\243\345\240\26120254_1417.md"
 create mode 100644 "2025/Q4/1417/\345\217\260\350\202\241\345\255\243\345\240\2612025Q4_1417.TXT"
 create mode 100644 "2025/Q4/1418/\345\217\260\350\202\241\345\255\243\345\240\261202504_1418.md"
 create mode 100644 "2025/Q4/1418/\345\217\260\350\202\241\345\255\243\345\240\2612025Q4_1418.TXT"
 create mode 100644 "2025/Q4/1419/\345\217\260\350\202\241\345\255\243\345\240\261202504_1419.md"
 create mode 100644 "2025/Q4/1419/\345\217\260\350\202\241\345\255\243\345\240\2612025Q04_1419.TXT"
 create mode 100644 "2025/Q4/1432/\345\217\260\350\202\241\345\255\243\345\240\26120254_1432.md"
 create mode 100644 "2025/Q4/1432/\345\217\260\350\202\241\345\255\243\345\240\2612025Q04_1432.TXT"
 create mode 100644 "2025/Q4/1434/\345\217\260\350\202\241\345\255\243\345\240\261202504_1434.md"
 create mode 100644 "2025/Q4/1434/\345\217\260\350\202\241\345\255\243\345\240\2612025Q04_1434.TXT"
 create mode 100644 "2025/Q4/1436/\345\217\260\350\202\241\345\255\243\345\240\261202504_1436.md"
 create mode 100644 "2025/Q4/1436/\345\217\260\350\202\241\345\255\243\345\240\2612025Q04_1436.TXT"
 create mode 100644 "2025/Q4/1437/\345\217\260\350\202\241\345\255\243\345\240\26120254_1437.md"
 create mode 100644 "2025/Q4/1437/\345\217\260\350\202\241\345\255\243\345\240\2612025Q04_1437.TXT"
 create mode 100644 "2025/Q4/1439/\345\217\260\350\202\241\345\255\243\345\240\26120254_1439.md"
 create mode 100644 "2025/Q4/1439/\345\217\260\350\202\241\345\255\243\345\240\2612025Q4_1439.TXT"
 create mode 100644 "2025/Q4/1440/\345\217\260\350\202\241\345\255\243\345\240\26120254_1440.md"
 create mode 100644 "2025/Q4/1440/\345\217\260\350\202\241\345\255\243\345\240\2612025Q4_1440.TXT"
 create mode 100644 "2025/Q4/1441/\345\217\260\350\202\241\345\255\243\345\240\26120254_1441.md"
 create mode 100644 "2025/Q4/1441/\345\217\260\350\202\241\345\255\243\345\240\2612025Q04_1441.TXT"
 create mode 100644 "2025/Q4/1442/\345\217\260\350\202\241\345\255\243\345\240\26120254_1442.md"
 create mode 100644 "2025/Q4/1442/\345\217\260\350\202\241\345\255\243\345\240\2612025Q04_1442.TXT"
 create mode 100644 "2025/Q4/1443/\345\217\260\350\202\241\345\255\243\345\240\2612025Q04_1443.TXT"
 create mode 100644 "2025/Q4/1444/\345\217\260\350\202\241\345\255\243\345\240\26120254_1444.md"
 create mode 100644 "2025/Q4/1444/\345\217\260\350\202\241\345\255\243\345\240\2612025Q04_1444.TXT"
 create mode 100644 "2025/Q4/1445/\345\217\260\350\202\241\345\255\243\345\240\26120254_1445.md"
 create mode 100644 "2025/Q4/1445/\345\217\260\350\202\241\345\255\243\345\240\2612025Q04_1445.TXT"
 create mode 100644 "2025/Q4/1446/\345\217\260\350\202\241\345\255\243\345\240\261202504_1446.md"
 create mode 100644 "2025/Q4/1447/\345\217\260\350\202\241\345\255\243\345\240\261202504_1447.md"
 create mode 100644 "2025/Q4/1447/\345\217\260\350\202\241\345\255\243\345\240\2612025Q4_1447.TXT"
 create mode 100644 "2025/Q4/1449/\345\217\260\350\202\241\345\255\243\345\240\26120254_1449.md"
 create mode 100644 "2025/Q4/1449/\345\217\260\350\202\241\345\255\243\345\240\2612025Q04_1449.TXT"
 create mode 100644 "2025/Q4/1451/\345\217\260\350\202\241\345\255\243\345\240\261202504_1451.md"
 create mode 100644 "2025/Q4/1451/\345\217\260\350\202\241\345\255\243\345\240\2612025Q4_1451.TXT"
 create mode 100644 "2025/Q4/1452/\345\217\260\350\202\241\345\255\243\345\240\26120254_1452.md"
 create mode 100644 "2025/Q4/1452/\345\217\260\350\202\241\345\255\243\345\240\2612025Q4_1452.TXT"
 create mode 100644 "2025/Q4/1453/\345\217\260\350\202\241\345\255\243\345\240\26120254_1453.md"
 create mode 100644 "2025/Q4/1453/\345\217\260\350\202\241\345\255\243\345\240\2612025Q4_1453.TXT"
 create mode 100644 "2025/Q4/1454/\345\217\260\350\202\241\345\255\243\345\240\261202504_1454.md"
 create mode 100644 "2025/Q4/1454/\345\217\260\350\202\241\345\255\243\345\240\2612025Q4_1454.TXT"
 create mode 100644 "2025/Q4/1455/\345\217\260\350\202\241\345\255\243\345\240\261202504_1455.md"
 create mode 100644 "2025/Q4/1455/\345\217\260\350\202\241\345\255\243\345\240\2612025Q4_1455.TXT"
 create mode 100644 "2025/Q4/1456/\345\217\260\350\202\241\345\255\243\345\240\261202504_1456.md"
 create mode 100644 "2025/Q4/1457/\345\217\260\350\202\241\345\255\243\345\240\26120254_1457.md"
 create mode 100644 "2025/Q4/1459/\345\217\260\350\202\241\345\255\243\345\240\261202504_1459.md"
 create mode 100644 "2025/Q4/1459/\345\217\260\350\202\241\345\255\243\345\240\2612025Q4_1459.TXT"
 create mode 100644 "2025/Q4/1460/\345\217\260\350\202\241\345\255\243\345\240\26120254_1460.md"
 create mode 100644 "2025/Q4/1460/\345\217\260\350\202\241\345\255\243\345\240\2612025Q4_1460.TXT"
 create mode 100644 "2025/Q4/1463/\345\217\260\350\202\241\345\255\243\345\240\261202504_1463.md"
 create mode 100644 "2025/Q4/1464/\345\217\260\350\202\241\345\255\243\345\240\26120254_1464.md"
 create mode 100644 "2025/Q4/1464/\345\217\260\350\202\241\345\255\243\345\240\2612025Q4_1464.TXT"
 create mode 100644 "2025/Q4/1466/\345\217\260\350\202\241\345\255\243\345\240\261202504_1466.md"
 create mode 100644 "2025/Q4/1466/\345\217\260\350\202\241\345\255\243\345\240\2612025Q04_1466.TXT"
 create mode 100644 "2025/Q4/1468/\345\217\260\350\202\241\345\255\243\345\240\26120254_1468.md"
 create mode 100644 "2025/Q4/1468/\345\217\260\350\202\241\345\255\243\345\240\2612025Q4_1468.TXT"
 create mode 100644 "2025/Q4/1470/\345\217\260\350\202\241\345\255\243\345\240\26120254_1470.md"
 create mode 100644 "2025/Q4/1470/\345\217\260\350\202\241\345\255\243\345\240\2612025Q4_1470.TXT"
 create mode 100644 "2025/Q4/1471/\345\217\260\350\202\241\345\255\243\345\240\261202504_1471.md"
 create mode 100644 "2025/Q4/1471/\345\217\260\350\202\241\345\255\243\345\240\2612025Q04_1471.TXT"
 create mode 100644 "2025/Q4/1472/\345\217\260\350\202\241\345\255\243\345\240\26120254_1472.md"
 create mode 100644 "2025/Q4/1472/\345\217\260\350\202\241\345\255\243\345\240\2612025Q4_1472.TXT"
 create mode 100644 "2025/Q4/1473/\345\217\260\350\202\241\345\255\243\345\240\26120254_1473.md"
 create mode 100644 "2025/Q4/1473/\345\217\260\350\202\241\345\255\243\345\240\2612025Q04_1473.TXT"
 create mode 100644 "2025/Q4/1474/\345\217\260\350\202\241\345\255\243\345\240\261202504_1474.md"
 create mode 100644 "2025/Q4/1474/\345\217\260\350\202\241\345\255\243\345\240\2612025Q04_1474.TXT"
 create mode 100644 "2025/Q4/1476/\345\217\260\350\202\241\345\255\243\345\240\26120254_1476.md"
 create mode 100644 "2025/Q4/1476/\345\217\260\350\202\241\345\255\243\345\240\2612025Q4_1476.TXT"
 create mode 100644 "2025/Q4/1477/\345\217\260\350\202\241\345\255\243\345\240\26120254_1477.md"
 create mode 100644 "2025/Q4/1477/\345\217\260\350\202\241\345\255\243\345\240\2612025Q4_1477.TXT"
 create mode 100644 "2025/Q4/1503/\345\217\260\350\202\241\345\255\243\345\240\26120254_1503.md"
 create mode 100644 "2025/Q4/1503/\345\217\260\350\202\241\345\255\243\345\240\2612025Q04_1503.TXT"
 create mode 100644 "2025/Q4/1504/\345\217\260\350\202\241\345\255\243\345\240\26120254_1504.md"
 create mode 100644 "2025/Q4/1504/\345\217\260\350\202\241\345\255\243\345\240\2612025Q04_1504.TXT"
 create mode 100644 "2025/Q4/1506/\345\217\260\350\202\241\345\255\243\345\240\261202504_1506.md"
 create mode 100644 "2025/Q4/1506/\345\217\260\350\202\241\345\255\243\345\240\2612025Q04_1506.TXT"
 create mode 100644 "2025/Q4/1512/\345\217\260\350\202\241\345\255\243\345\240\26120254_1512.md"
 create mode 100644 "2025/Q4/1512/\345\217\260\350\202\241\345\255\243\345\240\2612025Q04_1512.TXT"
 create mode 100644 "2025/Q4/1513/\345\217\260\350\202\241\345\255\243\345\240\261202504_1513.md"
 create mode 100644 "2025/Q4/1513/\345\217\260\350\202\241\345\255\243\345\240\2612025Q4_1513.TXT"
 create mode 100644 "2025/Q4/1514/\345\217\260\350\202\241\345\255\243\345\240\26120254_1514.md"
 create mode 100644 "2025/Q4/1514/\345\217\260\350\202\241\345\255\243\345\240\2612025Q4_1514.TXT"
 create mode 100644 "2025/Q4/1515/\345\217\260\350\202\241\345\255\243\345\240\261202504_1515.md"
 create mode 100644 "2025/Q4/1515/\345\217\260\350\202\241\345\255\243\345\240\2612025Q04_1515.TXT"
 create mode 100644 "2025/Q4/1517/\345\217\260\350\202\241\345\255\243\345\240\261202504_1517.md"
 create mode 100644 "2025/Q4/1517/\345\217\260\350\202\241\345\255\243\345\240\2612025Q04_1517.TXT"
 create mode 100644 "2025/Q4/1519/\345\217\260\350\202\241\345\255\243\345\240\26120254_1519.md"
 create mode 100644 "2025/Q4/1519/\345\217\260\350\202\241\345\255\243\345\240\2612025Q04_1519.TXT"
 create mode 100644 "2025/Q4/1521/\345\217\260\350\202\241\345\255\243\345\240\261202504_1521.md"
 create mode 100644 "2025/Q4/1521/\345\217\260\350\202\241\345\255\243\345\240\2612025Q04_1521.TXT"
 create mode 100644 "2025/Q4/1522/\345\217\260\350\202\241\345\255\243\345\240\26120254_1522.md"
 create mode 100644 "2025/Q4/1522/\345\217\260\350\202\241\345\255\243\345\240\2612025Q04_1522.TXT"
 create mode 100644 "2025/Q4/1525/\345\217\260\350\202\241\345\255\243\345\240\26120254_1525.md"
 create mode 100644 "2025/Q4/1525/\345\217\260\350\202\241\345\255\243\345\240\2612025Q4_1525.TXT"
 create mode 100644 "2025/Q4/1526/\345\217\260\350\202\241\345\255\243\345\240\261202504_1526.md"
 create mode 100644 "2025/Q4/1526/\345\217\260\350\202\241\345\255\243\345\240\2612025Q04_1526.TXT"
 create mode 100644 "2025/Q4/1528/\345\217\260\350\202\241\345\255\243\345\240\261202504_1528.md"
 create mode 100644 "2025/Q4/1528/\345\217\260\350\202\241\345\255\243\345\240\2612025Q04_1528.TXT"
 create mode 100644 "2025/Q4/1529/\345\217\260\350\202\241\345\255\243\345\240\26120254_1529.md"
 create mode 100644 "2025/Q4/1529/\345\217\260\350\202\241\345\255\243\345\240\2612025Q4_1529.TXT"
 create mode 100644 "2025/Q4/1530/\345\217\260\350\202\241\345\255\243\345\240\261202504_1530.md"
 create mode 100644 "2025/Q4/1530/\345\217\260\350\202\241\345\255\243\345\240\2612025Q4_1530.TXT"
 create mode 100644 "2025/Q4/1531/\345\217\260\350\202\241\345\255\243\345\240\2612025Q4_1531.TXT"
 create mode 100644 "2025/Q4/1532/\345\217\260\350\202\241\345\255\243\345\240\261202504_1532.md"
 create mode 100644 "2025/Q4/1532/\345\217\260\350\202\241\345\255\243\345\240\2612025Q4_1532.TXT"
 create mode 100644 "2025/Q4/1533/\345\217\260\350\202\241\345\255\243\345\240\26120254_1533.md"
 create mode 100644 "2025/Q4/1533/\345\217\260\350\202\241\345\255\243\345\240\2612025Q04_1533.TXT"
 create mode 100644 "2025/Q4/1535/\345\217\260\350\202\241\345\255\243\345\240\2612025Q04_1535.TXT"
 create mode 100644 "2025/Q4/1536/\345\217\260\350\202\241\345\255\243\345\240\261202504_1536.md"
 create mode 100644 "2025/Q4/1536/\345\217\260\350\202\241\345\255\243\345\240\2612025Q04_1536.TXT"
 create mode 100644 "2025/Q4/1537/\345\217\260\350\202\241\345\255\243\345\240\261202504_1537.md"
 create mode 100644 "2025/Q4/1537/\345\217\260\350\202\241\345\255\243\345\240\2612025Q4_1537.TXT"
 create mode 100644 "2025/Q4/1538/\345\217\260\350\202\241\345\255\243\345\240\26120254_1538.md"
 create mode 100644 "2025/Q4/1538/\345\217\260\350\202\241\345\255\243\345\240\2612025Q4_1538.TXT"
 create mode 100644 "2025/Q4/1539/\345\217\260\350\202\241\345\255\243\345\240\26120254_1539.md"
 create mode 100644 "2025/Q4/1539/\345\217\260\350\202\241\345\255\243\345\240\2612025Q4_1539.TXT"
 create mode 100644 "2025/Q4/1541/\345\217\260\350\202\241\345\255\243\345\240\261202504_1541.md"
 create mode 100644 "2025/Q4/1558/\345\217\260\350\202\241\345\255\243\345\240\261202504_1558.md"
 create mode 100644 "2025/Q4/1558/\345\217\260\350\202\241\345\255\243\345\240\2612025Q4_1558.TXT"
 create mode 100644 "2025/Q4/1560/\345\217\260\350\202\241\345\255\243\345\240\261202504_1560.md"
 create mode 100644 "2025/Q4/1560/\345\217\260\350\202\241\345\255\243\345\240\2612025Q4_1560.TXT"
 create mode 100644 "2025/Q4/1563/\345\217\260\350\202\241\345\255\243\345\240\26120254_1563.md"
 create mode 100644 "2025/Q4/1563/\345\217\260\350\202\241\345\255\243\345\240\2612025Q4_1563.TXT"
 create mode 100644 "2025/Q4/1565/\345\217\260\350\202\241\345\255\243\345\240\26120254_1565.md"
 create mode 100644 "2025/Q4/1565/\345\217\260\350\202\241\345\255\243\345\240\2612025Q04_1565.TXT"
 create mode 100644 "2025/Q4/1568/\345\217\260\350\202\241\345\255\243\345\240\261202504_1568.md"
 create mode 100644 "2025/Q4/1568/\345\217\260\350\202\241\345\255\243\345\240\2612025Q04_1568.TXT"
 create mode 100644 "2025/Q4/1569/\345\217\260\350\202\241\345\255\243\345\240\261202504_1569.md"
 create mode 100644 "2025/Q4/1569/\345\217\260\350\202\241\345\255\243\345\240\2612025Q4_1569.TXT"
 create mode 100644 "2025/Q4/1570/\345\217\260\350\202\241\345\255\243\345\240\26120254_1570.md"
 create mode 100644 "2025/Q4/1570/\345\217\260\350\202\241\345\255\243\345\240\2612025Q04_1570.TXT"
 create mode 100644 "2025/Q4/1580/\345\217\260\350\202\241\345\255\243\345\240\26120254_1580.md"
 create mode 100644 "2025/Q4/1580/\345\217\260\350\202\241\345\255\243\345\240\2612025Q4_1580.TXT"
 create mode 100644 "2025/Q4/1582/\345\217\260\350\202\241\345\255\243\345\240\26120254_1582.md"
 create mode 100644 "2025/Q4/1582/\345\217\260\350\202\241\345\255\243\345\240\2612025Q04_1582.TXT"
 create mode 100644 "2025/Q4/1583/\345\217\260\350\202\241\345\255\243\345\240\26120254_1583.md"
 create mode 100644 "2025/Q4/1583/\345\217\260\350\202\241\345\255\243\345\240\2612025Q4_1583.TXT"
 create mode 100644 "2025/Q4/1584/\345\217\260\350\202\241\345\255\243\345\240\261202504_1584.md"
 create mode 100644 "2025/Q4/1584/\345\217\260\350\202\241\345\255\243\345\240\2612025Q4_1584.TXT"
 create mode 100644 "2025/Q4/1587/\345\217\260\350\202\241\345\255\243\345\240\26120254_1587.md"
 create mode 100644 "2025/Q4/1587/\345\217\260\350\202\241\345\255\243\345\240\2612025Q4_1587.TXT"
 create mode 100644 "2025/Q4/1590/\345\217\260\350\202\241\345\255\243\345\240\261202504_1590.md"
 create mode 100644 "2025/Q4/1590/\345\217\260\350\202\241\345\255\243\345\240\2612025Q04_1590.TXT"
 create mode 100644 "2025/Q4/1595/\345\217\260\350\202\241\345\255\243\345\240\26120254_1595.md"
 create mode 100644 "2025/Q4/1595/\345\217\260\350\202\241\345\255\243\345\240\2612025Q4_1595.TXT"
 create mode 100644 "2025/Q4/1597/\345\217\260\350\202\241\345\255\243\345\240\26120254_1597.md"
 create mode 100644 "2025/Q4/1597/\345\217\260\350\202\241\345\255\243\345\240\2612025Q04_1597.TXT"
 create mode 100644 "2025/Q4/1599/\345\217\260\350\202\241\345\255\243\345\240\26120254_1599.md"
 create mode 100644 "2025/Q4/1599/\345\217\260\350\202\241\345\255\243\345\240\2612025Q04_1599.TXT"
 create mode 100644 "2025/Q4/1603/\345\217\260\350\202\241\345\255\243\345\240\26120254_1603.md"
 create mode 100644 "2025/Q4/1603/\345\217\260\350\202\241\345\255\243\345\240\2612025Q4_1603.TXT"
 create mode 100644 "2025/Q4/1604/\345\217\260\350\202\241\345\255\243\345\240\26120254_1604.md"
 create mode 100644 "2025/Q4/1604/\345\217\260\350\202\241\345\255\243\345\240\2612025Q04_1604.TXT"
 create mode 100644 "2025/Q4/1605/\345\217\260\350\202\241\345\255\243\345\240\261202504_1605.md"
 create mode 100644 "2025/Q4/1605/\345\217\260\350\202\241\345\255\243\345\240\2612025Q04_1605.TXT"
 create mode 100644 "2025/Q4/1608/\345\217\260\350\202\241\345\255\243\345\240\26120254_1608.md"
 create mode 100644 "2025/Q4/1609/\345\217\260\350\202\241\345\255\243\345\240\261202504_1609.md"
 create mode 100644 "2025/Q4/1612/\345\217\260\350\202\241\345\255\243\345\240\261202504_1612.md"
 create mode 100644 "2025/Q4/1612/\345\217\260\350\202\241\345\255\243\345\240\2612025Q4_1612.TXT"
 create mode 100644 "2025/Q4/1614/\345\217\260\350\202\241\345\255\243\345\240\26120254_1614.md"
 create mode 100644 "2025/Q4/1614/\345\217\260\350\202\241\345\255\243\345\240\2612025Q04_1614.TXT"
 create mode 100644 "2025/Q4/1615/\345\217\260\350\202\241\345\255\243\345\240\261202504_1615.md"
 create mode 100644 "2025/Q4/1615/\345\217\260\350\202\241\345\255\243\345\240\2612025Q04_1615.TXT"
 create mode 100644 "2025/Q4/1616/\345\217\260\350\202\241\345\255\243\345\240\26120254_1616.md"
 create mode 100644 "2025/Q4/1616/\345\217\260\350\202\241\345\255\243\345\240\2612025Q04_1616.TXT"
 create mode 100644 "2025/Q4/1617/\345\217\260\350\202\241\345\255\243\345\240\261202504_1617.md"
 create mode 100644 "2025/Q4/1617/\345\217\260\350\202\241\345\255\243\345\240\2612025Q04_1617.TXT"
 create mode 100644 "2025/Q4/1618/\345\217\260\350\202\241\345\255\243\345\240\2612025Q4_1618.TXT"
 create mode 100644 "2025/Q4/1626/\345\217\260\350\202\241\345\255\243\345\240\26120254_1626.md"
 create mode 100644 "2025/Q4/1626/\345\217\260\350\202\241\345\255\243\345\240\2612025Q4_1626.TXT"
 create mode 100644 "2025/Q4/1702/\345\217\260\350\202\241\345\255\243\345\240\26120254_1702.md"
 create mode 100644 "2025/Q4/1702/\345\217\260\350\202\241\345\255\243\345\240\2612025Q4_1702.TXT"
 create mode 100644 "2025/Q4/1707/\345\217\260\350\202\241\345\255\243\345\240\26120254_1707.md"
 create mode 100644 "2025/Q4/1707/\345\217\260\350\202\241\345\255\243\345\240\2612025Q4_1707.TXT"
 create mode 100644 "2025/Q4/1708/\345\217\260\350\202\241\345\255\243\345\240\26120254_1708.md"
 create mode 100644 "2025/Q4/1708/\345\217\260\350\202\241\345\255\243\345\240\2612025Q4_1708.TXT"
 create mode 100644 "2025/Q4/1709/\345\217\260\350\202\241\345\255\243\345\240\261202504_1709.md"
 create mode 100644 "2025/Q4/1709/\345\217\260\350\202\241\345\255\243\345\240\2612025Q4_1709.TXT"
 create mode 100644 "2025/Q4/1710/\345\217\260\350\202\241\345\255\243\345\240\26120254_1710.md"
 create mode 100644 "2025/Q4/1710/\345\217\260\350\202\241\345\255\243\345\240\2612025Q04_1710.TXT"
 create mode 100644 "2025/Q4/1711/\345\217\260\350\202\241\345\255\243\345\240\261202504_1711.md"
 create mode 100644 "2025/Q4/1711/\345\217\260\350\202\241\345\255\243\345\240\2612025Q04_1711.TXT"
 create mode 100644 "2025/Q4/1712/\345\217\260\350\202\241\345\255\243\345\240\261202504_1712.md"
 create mode 100644 "2025/Q4/1712/\345\217\260\350\202\241\345\255\243\345\240\2612025Q4_1712.TXT"
 create mode 100644 "2025/Q4/1714/\345\217\260\350\202\241\345\255\243\345\240\26120254_1714.md"
 create mode 100644 "2025/Q4/1714/\345\217\260\350\202\241\345\255\243\345\240\2612025Q4_1714.TXT"
 create mode 100644 "2025/Q4/1717/\345\217\260\350\202\241\345\255\243\345\240\261202504_1717.md"
 create mode 100644 "2025/Q4/1717/\345\217\260\350\202\241\345\255\243\345\240\2612025Q4_1717.TXT"
 create mode 100644 "2025/Q4/1718/\345\217\260\350\202\241\345\255\243\345\240\26120254_1718.md"
 create mode 100644 "2025/Q4/1718/\345\217\260\350\202\241\345\255\243\345\240\2612025Q04_1718.TXT"
 create mode 100644 "2025/Q4/1720/\345\217\260\350\202\241\345\255\243\345\240\26120254_1720.md"
 create mode 100644 "2025/Q4/1720/\345\217\260\350\202\241\345\255\243\345\240\2612025Q4_1720.TXT"
 create mode 100644 "2025/Q4/1721/\345\217\260\350\202\241\345\255\243\345\240\261202504_1721.md"
 create mode 100644 "2025/Q4/1721/\345\217\260\350\202\241\345\255\243\345\240\2612025Q04_1721.TXT"
 create mode 100644 "2025/Q4/1722/\345\217\260\350\202\241\345\255\243\345\240\261202504_1722.md"
 create mode 100644 "2025/Q4/1722/\345\217\260\350\202\241\345\255\243\345\240\2612025Q4_1722.TXT"
 create mode 100644 "2025/Q4/1723/\345\217\260\350\202\241\345\255\243\345\240\26120254_1723.md"
 create mode 100644 "2025/Q4/1725/\345\217\260\350\202\241\345\255\243\345\240\261202504_1725.md"
 create mode 100644 "2025/Q4/1725/\345\217\260\350\202\241\345\255\243\345\240\2612025Q04_1725.TXT"
 create mode 100644 "2025/Q4/1726/\345\217\260\350\202\241\345\255\243\345\240\26120254_1726.md"
 create mode 100644 "2025/Q4/1726/\345\217\260\350\202\241\345\255\243\345\240\2612025Q4_1726.TXT"
 create mode 100644 "2025/Q4/1730/\345\217\260\350\202\241\345\255\243\345\240\261202504_1730.md"
 create mode 100644 "2025/Q4/1730/\345\217\260\350\202\241\345\255\243\345\240\2612025Q4_1730.TXT"
 create mode 100644 "2025/Q4/1731/\345\217\260\350\202\241\345\255\243\345\240\26120254_1731.md"
 create mode 100644 "2025/Q4/1731/\345\217\260\350\202\241\345\255\243\345\240\2612025Q04_1731.TXT"
 create mode 100644 "2025/Q4/1732/\345\217\260\350\202\241\345\255\243\345\240\261202504_1732.md"
 create mode 100644 "2025/Q4/1732/\345\217\260\350\202\241\345\255\243\345\240\2612025Q04_1732.TXT"
 create mode 100644 "2025/Q4/1733/\345\217\260\350\202\241\345\255\243\345\240\26120254_1733.md"
 create mode 100644 "2025/Q4/1733/\345\217\260\350\202\241\345\255\243\345\240\2612025Q4_1733.TXT"
 create mode 100644 "2025/Q4/1734/\345\217\260\350\202\241\345\255\243\345\240\26120254_1734.md"
 create mode 100644 "2025/Q4/1734/\345\217\260\350\202\241\345\255\243\345\240\2612025Q04_1734.TXT"
 create mode 100644 "2025/Q4/1735/\345\217\260\350\202\241\345\255\243\345\240\261202504_1735.md"
 create mode 100644 "2025/Q4/1735/\345\217\260\350\202\241\345\255\243\345\240\2612025Q4_1735.TXT"
 create mode 100644 "2025/Q4/1736/\345\217\260\350\202\241\345\255\243\345\240\261202504_1736.md"
 create mode 100644 "2025/Q4/1736/\345\217\260\350\202\241\345\255\243\345\240\2612025Q4_1736.TXT"
 create mode 100644 "2025/Q4/1737/\345\217\260\350\202\241\345\255\243\345\240\261202504_1737.md"
 create mode 100644 "2025/Q4/1737/\345\217\260\350\202\241\345\255\243\345\240\2612025Q4_1737.TXT"
 create mode 100644 "2025/Q4/1742/\345\217\260\350\202\241\345\255\243\345\240\261202504_1742.md"
 create mode 100644 "2025/Q4/1742/\345\217\260\350\202\241\345\255\243\345\240\2612025Q04_1742.TXT"
 create mode 100644 "2025/Q4/1752/\345\217\260\350\202\241\345\255\243\345\240\261202504_1752.md"
 create mode 100644 "2025/Q4/1752/\345\217\260\350\202\241\345\255\243\345\240\2612025Q4_1752.TXT"
 create mode 100644 "2025/Q4/1760/\345\217\260\350\202\241\345\255\243\345\240\261202504_1760.md"
 create mode 100644 "2025/Q4/1760/\345\217\260\350\202\241\345\255\243\345\240\2612025Q04_1760.TXT"
 create mode 100644 "2025/Q4/1773/\345\217\260\350\202\241\345\255\243\345\240\26120254_1773.md"
 create mode 100644 "2025/Q4/1773/\345\217\260\350\202\241\345\255\243\345\240\2612025Q4_1773.TXT"
 create mode 100644 "2025/Q4/1783/\345\217\260\350\202\241\345\255\243\345\240\26120254_1783.md"
 create mode 100644 "2025/Q4/1783/\345\217\260\350\202\241\345\255\243\345\240\2612025Q04_1783.TXT"
 create mode 100644 "2025/Q4/1784/\345\217\260\350\202\241\345\255\243\345\240\261202504_1784.md"
 create mode 100644 "2025/Q4/1784/\345\217\260\350\202\241\345\255\243\345\240\2612025Q04_1784.TXT"
 create mode 100644 "2025/Q4/1786/\345\217\260\350\202\241\345\255\243\345\240\26120254_1786.md"
 create mode 100644 "2025/Q4/1786/\345\217\260\350\202\241\345\255\243\345\240\2612025Q04_1786.TXT"
 create mode 100644 "2025/Q4/1788/\345\217\260\350\202\241\345\255\243\345\240\261202504_1788.md"
 create mode 100644 "2025/Q4/1788/\345\217\260\350\202\241\345\255\243\345\240\2612025Q04_1788.TXT"
 create mode 100644 "2025/Q4/1789/\345\217\260\350\202\241\345\255\243\345\240\261202504_1789.md"
 create mode 100644 "2025/Q4/1789/\345\217\260\350\202\241\345\255\243\345\240\2612025Q4_1789.TXT"
 create mode 100644 "2025/Q4/1795/\345\217\260\350\202\241\345\255\243\345\240\26120254_1795.md"
 create mode 100644 "2025/Q4/1795/\345\217\260\350\202\241\345\255\243\345\240\2612025Q04_1795.TXT"
 create mode 100644 "2025/Q4/1796/\345\217\260\350\202\241\345\255\243\345\240\261202504_1796.md"
 create mode 100644 "2025/Q4/1796/\345\217\260\350\202\241\345\255\243\345\240\2612025Q4_1796.TXT"
 create mode 100644 "2025/Q4/1799/\345\217\260\350\202\241\345\255\243\345\240\261202504_1799.md"
 create mode 100644 "2025/Q4/1799/\345\217\260\350\202\241\345\255\243\345\240\2612025Q4_1799.TXT"
 create mode 100644 "2025/Q4/1802/\345\217\260\350\202\241\345\255\243\345\240\26120254_1802.md"
 create mode 100644 "2025/Q4/1802/\345\217\260\350\202\241\345\255\243\345\240\2612025Q4_1802.TXT"
 create mode 100644 "2025/Q4/1805/\345\217\260\350\202\241\345\255\243\345\240\261202504_1805.md"
 create mode 100644 "2025/Q4/1805/\345\217\260\350\202\241\345\255\243\345\240\2612025Q4_1805.TXT"
 create mode 100644 "2025/Q4/1808/\345\217\260\350\202\241\345\255\243\345\240\261202504_1808.md"
 create mode 100644 "2025/Q4/1808/\345\217\260\350\202\241\345\255\243\345\240\2612025Q4_1808.TXT"
 create mode 100644 "2025/Q4/1809/\345\217\260\350\202\241\345\255\243\345\240\261202504_1809.md"
 create mode 100644 "2025/Q4/1809/\345\217\260\350\202\241\345\255\243\345\240\2612025Q4_1809.TXT"
 create mode 100644 "2025/Q4/1810/\345\217\260\350\202\241\345\255\243\345\240\26120254_1810.md"
 create mode 100644 "2025/Q4/1810/\345\217\260\350\202\241\345\255\243\345\240\2612025Q4_1810.TXT"
 create mode 100644 "2025/Q4/1813/\345\217\260\350\202\241\345\255\243\345\240\26120254_1813.md"
 create mode 100644 "2025/Q4/1813/\345\217\260\350\202\241\345\255\243\345\240\2612025Q04_1813.TXT"
 create mode 100644 "2025/Q4/1815/\345\217\260\350\202\241\345\255\243\345\240\261202504_1815.md"
 create mode 100644 "2025/Q4/1815/\345\217\260\350\202\241\345\255\243\345\240\2612025Q04_1815.TXT"
 create mode 100644 "2025/Q4/1817/\345\217\260\350\202\241\345\255\243\345\240\26120254_1817.md"
 create mode 100644 "2025/Q4/1903/\345\217\260\350\202\241\345\255\243\345\240\261202504_1903.md"
 create mode 100644 "2025/Q4/1904/\345\217\260\350\202\241\345\255\243\345\240\261202504_1904.md"
 create mode 100644 "2025/Q4/1904/\345\217\260\350\202\241\345\255\243\345\240\2612025Q4_1904.TXT"
 create mode 100644 "2025/Q4/1905/\345\217\260\350\202\241\345\255\243\345\240\261202504_1905.md"
 create mode 100644 "2025/Q4/1905/\345\217\260\350\202\241\345\255\243\345\240\2612025Q4_1905.TXT"
 create mode 100644 "2025/Q4/1907/\345\217\260\350\202\241\345\255\243\345\240\26120254_1907.md"
 create mode 100644 "2025/Q4/1909/\345\217\260\350\202\241\345\255\243\345\240\261202504_1909.md"
 create mode 100644 "2025/Q4/1909/\345\217\260\350\202\241\345\255\243\345\240\2612025Q4_1909.TXT"
 create mode 100644 "2025/Q4/2002/\345\217\260\350\202\241\345\255\243\345\240\26120254_2002.md"
 create mode 100644 "2025/Q4/2002/\345\217\260\350\202\241\345\255\243\345\240\2612025Q04_2002.TXT"
 create mode 100644 "2025/Q4/2006/\345\217\260\350\202\241\345\255\243\345\240\261202504_2006.md"
 create mode 100644 "2025/Q4/2006/\345\217\260\350\202\241\345\255\243\345\240\2612025Q04_2006.TXT"
 create mode 100644 "2025/Q4/2010/\345\217\260\350\202\241\345\255\243\345\240\26120254_2010.md"
 create mode 100644 "2025/Q4/2010/\345\217\260\350\202\241\345\255\243\345\240\2612025Q04_2010.TXT"
 create mode 100644 "2025/Q4/2012/\345\217\260\350\202\241\345\255\243\345\240\26120254_2012.md"
 create mode 100644 "2025/Q4/2012/\345\217\260\350\202\241\345\255\243\345\240\2612025Q04_2012.TXT"
 create mode 100644 "2025/Q4/2013/\345\217\260\350\202\241\345\255\243\345\240\26120254_2013.md"
 create mode 100644 "2025/Q4/2013/\345\217\260\350\202\241\345\255\243\345\240\2612025Q04_2013.TXT"
 create mode 100644 "2025/Q4/2014/\345\217\260\350\202\241\345\255\243\345\240\261202504_2014.md"
 create mode 100644 "2025/Q4/2014/\345\217\260\350\202\241\345\255\243\345\240\2612025Q04_2014.TXT"
 create mode 100644 "2025/Q4/2015/\345\217\260\350\202\241\345\255\243\345\240\26120254_2015.md"
 create mode 100644 "2025/Q4/2015/\345\217\260\350\202\241\345\255\243\345\240\2612025Q04_2015.TXT"
 create mode 100644 "2025/Q4/2020/\345\217\260\350\202\241\345\255\243\345\240\261202504_2020.md"
 create mode 100644 "2025/Q4/2020/\345\217\260\350\202\241\345\255\243\345\240\2612025Q04_2020.TXT"
 create mode 100644 "2025/Q4/2022/\345\217\260\350\202\241\345\255\243\345\240\261202504_2022.md"
 create mode 100644 "2025/Q4/2022/\345\217\260\350\202\241\345\255\243\345\240\2612025Q4_2022.TXT"
 create mode 100644 "2025/Q4/2023/\345\217\260\350\202\241\345\255\243\345\240\26120254_2023.md"
 create mode 100644 "2025/Q4/2023/\345\217\260\350\202\241\345\255\243\345\240\2612025Q4_2023.TXT"
 create mode 100644 "2025/Q4/2027/\345\217\260\350\202\241\345\255\243\345\240\261202504_2027.md"
 create mode 100644 "2025/Q4/2027/\345\217\260\350\202\241\345\255\243\345\240\2612025Q4_2027.TXT"
 create mode 100644 "2025/Q4/2029/\345\217\260\350\202\241\345\255\243\345\240\26120254_2029.md"
 create mode 100644 "2025/Q4/2029/\345\217\260\350\202\241\345\255\243\345\240\2612025Q04_2029.TXT"
 create mode 100644 "2025/Q4/2030/\345\217\260\350\202\241\345\255\243\345\240\261202504_2030.md"
 create mode 100644 "2025/Q4/2030/\345\217\260\350\202\241\345\255\243\345\240\2612025Q04_2030.TXT"
 create mode 100644 "2025/Q4/2031/\345\217\260\350\202\241\345\255\243\345\240\261202504_2031.md"
 create mode 100644 "2025/Q4/2031/\345\217\260\350\202\241\345\255\243\345\240\2612025Q4_2031.TXT"
 create mode 100644 "2025/Q4/2034/\345\217\260\350\202\241\345\255\243\345\240\2612025Q4_2034.TXT"
 create mode 100644 "2025/Q4/2038/\345\217\260\350\202\241\345\255\243\345\240\261202504_2038.md"
 create mode 100644 "2025/Q4/2038/\345\217\260\350\202\241\345\255\243\345\240\2612025Q4_2038.TXT"
 create mode 100644 "2025/Q4/2049/\345\217\260\350\202\241\345\255\243\345\240\261202504_2049.md"
 create mode 100644 "2025/Q4/2049/\345\217\260\350\202\241\345\255\243\345\240\2612025Q04_2049.TXT"
 create mode 100644 "2025/Q4/2059/\345\217\260\350\202\241\345\255\243\345\240\26120254_2059.md"
 create mode 100644 "2025/Q4/2059/\345\217\260\350\202\241\345\255\243\345\240\2612025Q04_2059.TXT"
 create mode 100644 "2025/Q4/2061/\345\217\260\350\202\241\345\255\243\345\240\26120254_2061.md"
 create mode 100644 "2025/Q4/2061/\345\217\260\350\202\241\345\255\243\345\240\2612025Q04_2061.TXT"
 create mode 100644 "2025/Q4/2062/\345\217\260\350\202\241\345\255\243\345\240\26120254_2062.md"
 create mode 100644 "2025/Q4/2062/\345\217\260\350\202\241\345\255\243\345\240\2612025Q04_2062.TXT"
 create mode 100644 "2025/Q4/2063/\345\217\260\350\202\241\345\255\243\345\240\26120254_2063.md"
 create mode 100644 "2025/Q4/2064/\345\217\260\350\202\241\345\255\243\345\240\26120254_2064.md"
 create mode 100644 "2025/Q4/2064/\345\217\260\350\202\241\345\255\243\345\240\2612025Q04_2064.TXT"
 create mode 100644 "2025/Q4/2065/\345\217\260\350\202\241\345\255\243\345\240\261202504_2065.md"
 create mode 100644 "2025/Q4/2065/\345\217\260\350\202\241\345\255\243\345\240\2612025Q4_2065.TXT"
 create mode 100644 "2025/Q4/2067/\345\217\260\350\202\241\345\255\243\345\240\26120254_2067.md"
 create mode 100644 "2025/Q4/2067/\345\217\260\350\202\241\345\255\243\345\240\2612025Q4_2067.TXT"
 create mode 100644 "2025/Q4/2069/\345\217\260\350\202\241\345\255\243\345\240\261202504_2069.md"
 create mode 100644 "2025/Q4/2069/\345\217\260\350\202\241\345\255\243\345\240\2612025Q04_2069.TXT"
 create mode 100644 "2025/Q4/2070/\345\217\260\350\202\241\345\255\243\345\240\261202504_2070.md"
 create mode 100644 "2025/Q4/2070/\345\217\260\350\202\241\345\255\243\345\240\2612025Q04_2070.TXT"
 create mode 100644 "2025/Q4/2101/\345\217\260\350\202\241\345\255\243\345\240\26120254_2101.md"
 create mode 100644 "2025/Q4/2101/\345\217\260\350\202\241\345\255\243\345\240\2612025Q4_2101.TXT"
 create mode 100644 "2025/Q4/2103/\345\217\260\350\202\241\345\255\243\345\240\261202504_2103.md"
 create mode 100644 "2025/Q4/2103/\345\217\260\350\202\241\345\255\243\345\240\2612025Q04_2103.TXT"
 create mode 100644 "2025/Q4/2104/\345\217\260\350\202\241\345\255\243\345\240\26120254_2104.md"
 create mode 100644 "2025/Q4/2104/\345\217\260\350\202\241\345\255\243\345\240\2612025Q4_2104.TXT"
 create mode 100644 "2025/Q4/2105/\345\217\260\350\202\241\345\255\243\345\240\26120254_2105.md"
 create mode 100644 "2025/Q4/2105/\345\217\260\350\202\241\345\255\243\345\240\2612025Q4_2105.TXT"
 create mode 100644 "2025/Q4/2106/\345\217\260\350\202\241\345\255\243\345\240\26120254_2106.md"
 create mode 100644 "2025/Q4/2106/\345\217\260\350\202\241\345\255\243\345\240\2612025Q4_2106.TXT"
 create mode 100644 "2025/Q4/2108/\345\217\260\350\202\241\345\255\243\345\240\26120254_2108.md"
 create mode 100644 "2025/Q4/2108/\345\217\260\350\202\241\345\255\243\345\240\2612025Q4_2108.TXT"
 create mode 100644 "2025/Q4/2109/\345\217\260\350\202\241\345\255\243\345\240\26120254_2109.md"
 create mode 100644 "2025/Q4/2109/\345\217\260\350\202\241\345\255\243\345\240\2612025Q4_2109.TXT"
 create mode 100644 "2025/Q4/2115/\345\217\260\350\202\241\345\255\243\345\240\26120254_2115.md"
 create mode 100644 "2025/Q4/2115/\345\217\260\350\202\241\345\255\243\345\240\2612025Q04_2115.TXT"
 create mode 100644 "2025/Q4/2201/\345\217\260\350\202\241\345\255\243\345\240\26120254_2201.md"
 create mode 100644 "2025/Q4/2201/\345\217\260\350\202\241\345\255\243\345\240\2612025Q04_2201.TXT"
 create mode 100644 "2025/Q4/2206/\345\217\260\350\202\241\345\255\243\345\240\26120254_2206.md"
 create mode 100644 "2025/Q4/2206/\345\217\260\350\202\241\345\255\243\345\240\2612025Q04_2206.TXT"
 create mode 100644 "2025/Q4/2207/\345\217\260\350\202\241\345\255\243\345\240\26120254_2207.md"
 create mode 100644 "2025/Q4/2207/\345\217\260\350\202\241\345\255\243\345\240\2612025Q04_2207.TXT"
 create mode 100644 "2025/Q4/2208/\345\217\260\350\202\241\345\255\243\345\240\26120254_2208.md"
 create mode 100644 "2025/Q4/2208/\345\217\260\350\202\241\345\255\243\345\240\2612025Q04_2208.TXT"
 create mode 100644 "2025/Q4/2211/\345\217\260\350\202\241\345\255\243\345\240\26120254_2211.md"
 create mode 100644 "2025/Q4/2211/\345\217\260\350\202\241\345\255\243\345\240\2612025Q4_2211.TXT"
 create mode 100644 "2025/Q4/2221/\345\217\260\350\202\241\345\255\243\345\240\261202504_2221.md"
 create mode 100644 "2025/Q4/2227/\345\217\260\350\202\241\345\255\243\345\240\26120254_2227.md"
 create mode 100644 "2025/Q4/2227/\345\217\260\350\202\241\345\255\243\345\240\2612025Q4_2227.TXT"
 create mode 100644 "2025/Q4/2228/\345\217\260\350\202\241\345\255\243\345\240\26120254_2228.md"
 create mode 100644 "2025/Q4/2228/\345\217\260\350\202\241\345\255\243\345\240\2612025Q4_2228.TXT"
 create mode 100644 "2025/Q4/2231/\345\217\260\350\202\241\345\255\243\345\240\261202504_2231.md"
 create mode 100644 "2025/Q4/2231/\345\217\260\350\202\241\345\255\243\345\240\2612025Q04_2231.TXT"
 create mode 100644 "2025/Q4/2233/\345\217\260\350\202\241\345\255\243\345\240\26120254_2233.md"
 create mode 100644 "2025/Q4/2241/\345\217\260\350\202\241\345\255\243\345\240\26120254_2241.md"
 create mode 100644 "2025/Q4/2243/\345\217\260\350\202\241\345\255\243\345\240\261202504_2243.md"
 create mode 100644 "2025/Q4/2243/\345\217\260\350\202\241\345\255\243\345\240\2612025Q04_2243.TXT"
 create mode 100644 "2025/Q4/2247/\345\217\260\350\202\241\345\255\243\345\240\26120254_2247.md"
 create mode 100644 "2025/Q4/2247/\345\217\260\350\202\241\345\255\243\345\240\2612025Q04_2247.TXT"
 create mode 100644 "2025/Q4/2250/\345\217\260\350\202\241\345\255\243\345\240\26120254_2250.md"
 create mode 100644 "2025/Q4/2250/\345\217\260\350\202\241\345\255\243\345\240\2612025Q04_2250.TXT"
 create mode 100644 "2025/Q4/2254/\345\217\260\350\202\241\345\255\243\345\240\2612025Q04_2254.TXT"
 create mode 100644 "2025/Q4/2301/\345\217\260\350\202\241\345\255\243\345\240\26120254_2301.md"
 create mode 100644 "2025/Q4/2301/\345\217\260\350\202\241\345\255\243\345\240\2612025Q4_2301.TXT"
 create mode 100644 "2025/Q4/2302/\345\217\260\350\202\241\345\255\243\345\240\261202504_2302.md"
 create mode 100644 "2025/Q4/2302/\345\217\260\350\202\241\345\255\243\345\240\2612025Q04_2302.TXT"
 create mode 100644 "2025/Q4/2303/\345\217\260\350\202\241\345\255\243\345\240\26120254_2303.md"
 create mode 100644 "2025/Q4/2303/\345\217\260\350\202\241\345\255\243\345\240\2612025Q04_2303.TXT"
 create mode 100644 "2025/Q4/2305/\345\217\260\350\202\241\345\255\243\345\240\26120254_2305.md"
 create mode 100644 "2025/Q4/2305/\345\217\260\350\202\241\345\255\243\345\240\2612025Q04_2305.TXT"
 create mode 100644 "2025/Q4/2308/\345\217\260\350\202\241\345\255\243\345\240\261202504_2308.md"
 create mode 100644 "2025/Q4/2308/\345\217\260\350\202\241\345\255\243\345\240\2612025Q4_2308.TXT"
 create mode 100644 "2025/Q4/2312/\345\217\260\350\202\241\345\255\243\345\240\261202504_2312.md"
 create mode 100644 "2025/Q4/2312/\345\217\260\350\202\241\345\255\243\345\240\2612025Q4_2312.TXT"
 create mode 100644 "2025/Q4/2313/\345\217\260\350\202\241\345\255\243\345\240\26120254_2313.md"
 create mode 100644 "2025/Q4/2313/\345\217\260\350\202\241\345\255\243\345\240\2612025Q4_2313.TXT"
 create mode 100644 "2025/Q4/2314/\345\217\260\350\202\241\345\255\243\345\240\26120254_2314.md"
 create mode 100644 "2025/Q4/2314/\345\217\260\350\202\241\345\255\243\345\240\2612025Q04_2314.TXT"
 create mode 100644 "2025/Q4/2316/\345\217\260\350\202\241\345\255\243\345\240\26120254_2316.md"
 create mode 100644 "2025/Q4/2316/\345\217\260\350\202\241\345\255\243\345\240\2612025Q4_2316.TXT"
 create mode 100644 "2025/Q4/2317/\345\217\260\350\202\241\345\255\243\345\240\26120254_2317.md"
 create mode 100644 "2025/Q4/2317/\345\217\260\350\202\241\345\255\243\345\240\2612025Q04_2317.TXT"
 create mode 100644 "2025/Q4/2323/\345\217\260\350\202\241\345\255\243\345\240\26120254_2323.md"
 create mode 100644 "2025/Q4/2323/\345\217\260\350\202\241\345\255\243\345\240\2612025Q04_2323.TXT"
 create mode 100644 "2025/Q4/2324/\345\217\260\350\202\241\345\255\243\345\240\261202504_2324.md"
 create mode 100644 "2025/Q4/2324/\345\217\260\350\202\241\345\255\243\345\240\2612025Q4_2324.TXT"
 create mode 100644 "2025/Q4/2328/\345\217\260\350\202\241\345\255\243\345\240\26120254_2328.md"
 create mode 100644 "2025/Q4/2328/\345\217\260\350\202\241\345\255\243\345\240\2612025Q4_2328.TXT"
 create mode 100644 "2025/Q4/2329/\345\217\260\350\202\241\345\255\243\345\240\26120254_2329.md"
 create mode 100644 "2025/Q4/2329/\345\217\260\350\202\241\345\255\243\345\240\2612025Q04_2329.TXT"
 create mode 100644 "2025/Q4/2330/\345\217\260\350\202\241\345\255\243\345\240\261202504_2330.md"
 create mode 100644 "2025/Q4/2330/\345\217\260\350\202\241\345\255\243\345\240\2612025Q04_2330.TXT"
 create mode 100644 "2025/Q4/2332/\345\217\260\350\202\241\345\255\243\345\240\26120254_2332.md"
 create mode 100644 "2025/Q4/2332/\345\217\260\350\202\241\345\255\243\345\240\2612025Q4_2332.TXT"
 create mode 100644 "2025/Q4/2337/\345\217\260\350\202\241\345\255\243\345\240\26120254_2337.md"
 create mode 100644 "2025/Q4/2337/\345\217\260\350\202\241\345\255\243\345\240\2612025Q04_2337.TXT"
 create mode 100644 "2025/Q4/2340/\345\217\260\350\202\241\345\255\243\345\240\261202504_2340.md"
 create mode 100644 "2025/Q4/2340/\345\217\260\350\202\241\345\255\243\345\240\2612025Q04_2340.TXT"
 create mode 100644 "2025/Q4/2342/\345\217\260\350\202\241\345\255\243\345\240\26120254_2342.md"
 create mode 100644 "2025/Q4/2342/\345\217\260\350\202\241\345\255\243\345\240\2612025Q4_2342.TXT"
 create mode 100644 "2025/Q4/2344/\345\217\260\350\202\241\345\255\243\345\240\261202504_2344.md"
 create mode 100644 "2025/Q4/2344/\345\217\260\350\202\241\345\255\243\345\240\2612025Q04_2344.TXT"
 create mode 100644 "2025/Q4/2345/\345\217\260\350\202\241\345\255\243\345\240\261202504_2345.md"
 create mode 100644 "2025/Q4/2345/\345\217\260\350\202\241\345\255\243\345\240\2612025Q04_2345.TXT"
 create mode 100644 "2025/Q4/2347/\345\217\260\350\202\241\345\255\243\345\240\261202504_2347.md"
 create mode 100644 "2025/Q4/2347/\345\217\260\350\202\241\345\255\243\345\240\2612025Q4_2347.TXT"
 create mode 100644 "2025/Q4/2349/\345\217\260\350\202\241\345\255\243\345\240\26120254_2349.md"
 create mode 100644 "2025/Q4/2349/\345\217\260\350\202\241\345\255\243\345\240\2612025Q4_2349.TXT"
 create mode 100644 "2025/Q4/2351/\345\217\260\350\202\241\345\255\243\345\240\261202504_2351.md"
 create mode 100644 "2025/Q4/2351/\345\217\260\350\202\241\345\255\243\345\240\2612025Q04_2351.TXT"
 create mode 100644 "2025/Q4/2352/\345\217\260\350\202\241\345\255\243\345\240\261202504_2352.md"
 create mode 100644 "2025/Q4/2352/\345\217\260\350\202\241\345\255\243\345\240\2612025Q4_2352.TXT"
 create mode 100644 "2025/Q4/2353/\345\217\260\350\202\241\345\255\243\345\240\261202504_2353.md"
 create mode 100644 "2025/Q4/2353/\345\217\260\350\202\241\345\255\243\345\240\2612025Q4_2353.TXT"
 create mode 100644 "2025/Q4/2354/\345\217\260\350\202\241\345\255\243\345\240\261202504_2354.md"
 create mode 100644 "2025/Q4/2354/\345\217\260\350\202\241\345\255\243\345\240\2612025Q04_2354.TXT"
 create mode 100644 "2025/Q4/2355/\345\217\260\350\202\241\345\255\243\345\240\261202504_2355.md"
 create mode 100644 "2025/Q4/2356/\345\217\260\350\202\241\345\255\243\345\240\261202504_2356.md"
 create mode 100644 "2025/Q4/2356/\345\217\260\350\202\241\345\255\243\345\240\2612025Q4_2356.TXT"
 create mode 100644 "2025/Q4/2357/\345\217\260\350\202\241\345\255\243\345\240\261202504_2357.md"
 create mode 100644 "2025/Q4/2357/\345\217\260\350\202\241\345\255\243\345\240\2612025Q04_2357.TXT"
 create mode 100644 "2025/Q4/2360/\345\217\260\350\202\241\345\255\243\345\240\261202504_2360.md"
 create mode 100644 "2025/Q4/2360/\345\217\260\350\202\241\345\255\243\345\240\2612025Q4_2360.TXT"
 create mode 100644 "2025/Q4/2362/\345\217\260\350\202\241\345\255\243\345\240\26120254_2362.md"
 create mode 100644 "2025/Q4/2362/\345\217\260\350\202\241\345\255\243\345\240\2612025Q04_2362.TXT"
 create mode 100644 "2025/Q4/2363/\345\217\260\350\202\241\345\255\243\345\240\261202504_2363.md"
 create mode 100644 "2025/Q4/2363/\345\217\260\350\202\241\345\255\243\345\240\2612025Q04_2363.TXT"
 create mode 100644 "2025/Q4/2364/\345\217\260\350\202\241\345\255\243\345\240\26120254_2364.md"
 create mode 100644 "2025/Q4/2364/\345\217\260\350\202\241\345\255\243\345\240\2612025Q4_2364.TXT"
 create mode 100644 "2025/Q4/2365/\345\217\260\350\202\241\345\255\243\345\240\261202504_2365.md"
 create mode 100644 "2025/Q4/2365/\345\217\260\350\202\241\345\255\243\345\240\2612025Q04_2365.TXT"
 create mode 100644 "2025/Q4/2367/\345\217\260\350\202\241\345\255\243\345\240\26120254_2367.md"
 create mode 100644 "2025/Q4/2367/\345\217\260\350\202\241\345\255\243\345\240\2612025Q04_2367.TXT"
 create mode 100644 "2025/Q4/2424/\345\217\260\350\202\241\345\255\243\345\240\26120254_2424.md"
 create mode 100644 "2025/Q4/2424/\345\217\260\350\202\241\345\255\243\345\240\2612025Q4_2424.TXT"
 create mode 100644 "2025/Q4/2505/\345\217\260\350\202\241\345\255\243\345\240\26120254_2505.md"
 create mode 100644 "2025/Q4/2505/\345\217\260\350\202\241\345\255\243\345\240\2612025Q4_2505.TXT"
 create mode 100644 "2025/Q4/2540/\345\217\260\350\202\241\345\255\243\345\240\26120254_2540.md"
 create mode 100644 "2025/Q4/2540/\345\217\260\350\202\241\345\255\243\345\240\2612025Q4_2540.TXT"
 create mode 100644 "2025/Q4/2547/\345\217\260\350\202\241\345\255\243\345\240\26120254_2547.md"
 create mode 100644 "2025/Q4/2547/\345\217\260\350\202\241\345\255\243\345\240\2612025Q4_2547.TXT"
 create mode 100644 "2025/Q4/2596/\345\217\260\350\202\241\345\255\243\345\240\26120254_2596.md"
 create mode 100644 "2025/Q4/2596/\345\217\260\350\202\241\345\255\243\345\240\2612025Q4_2596.TXT"
 create mode 100644 "2025/Q4/2610/\345\217\260\350\202\241\345\255\243\345\240\26120254_2610.md"
 create mode 100644 "2025/Q4/2610/\345\217\260\350\202\241\345\255\243\345\240\2612025Q4_2610.TXT"
 create mode 100644 "2025/Q4/2611/\345\217\260\350\202\241\345\255\243\345\240\26120254_2611.md"
 create mode 100644 "2025/Q4/2611/\345\217\260\350\202\241\345\255\243\345\240\2612025Q4_2611.TXT"
 create mode 100644 "2025/Q4/2612/\345\217\260\350\202\241\345\255\243\345\240\26120254_2612.md"
 create mode 100644 "2025/Q4/2612/\345\217\260\350\202\241\345\255\243\345\240\2612025Q4_2612.TXT"
 create mode 100644 "2025/Q4/2613/\345\217\260\350\202\241\345\255\243\345\240\26120254_2613.md"
 create mode 100644 "2025/Q4/2613/\345\217\260\350\202\241\345\255\243\345\240\2612025Q4_2613.TXT"
 create mode 100644 "2025/Q4/2634/\345\217\260\350\202\241\345\255\243\345\240\26120254_2634.md"
 create mode 100644 "2025/Q4/2634/\345\217\260\350\202\241\345\255\243\345\240\2612025Q4_2634.TXT"
 create mode 100644 "2025/Q4/2636/\345\217\260\350\202\241\345\255\243\345\240\26120254_2636.md"
 create mode 100644 "2025/Q4/2636/\345\217\260\350\202\241\345\255\243\345\240\2612025Q4_2636.TXT"
 create mode 100644 "2025/Q4/2637/\345\217\260\350\202\241\345\255\243\345\240\26120254_2637.md"
 create mode 100644 "2025/Q4/2637/\345\217\260\350\202\241\345\255\243\345\240\2612025Q4_2637.TXT"
 create mode 100644 "2025/Q4/2640/\345\217\260\350\202\241\345\255\243\345\240\26120254_2640.md"
 create mode 100644 "2025/Q4/2640/\345\217\260\350\202\241\345\255\243\345\240\2612025Q4_2640.TXT"
 create mode 100644 "2025/Q4/2641/\345\217\260\350\202\241\345\255\243\345\240\26120254_2641.md"
 create mode 100644 "2025/Q4/2641/\345\217\260\350\202\241\345\255\243\345\240\2612025Q4_2641.TXT"
 create mode 100644 "2025/Q4/2642/\345\217\260\350\202\241\345\255\243\345\240\26120254_2642.md"
 create mode 100644 "2025/Q4/2642/\345\217\260\350\202\241\345\255\243\345\240\2612025Q4_2642.TXT"
 create mode 100644 "2025/Q4/2718/\345\217\260\350\202\241\345\255\243\345\240\26120254_2718.md"
 create mode 100644 "2025/Q4/2718/\345\217\260\350\202\241\345\255\243\345\240\2612025Q4_2718.TXT"
 create mode 100644 "2025/Q4/2719/\345\217\260\350\202\241\345\255\243\345\240\26120254_2719.md"
 create mode 100644 "2025/Q4/2719/\345\217\260\350\202\241\345\255\243\345\240\2612025Q4_2719.TXT"
 create mode 100644 "2025/Q4/2722/\345\217\260\350\202\241\345\255\243\345\240\26120254_2722.md"
 create mode 100644 "2025/Q4/2722/\345\217\260\350\202\241\345\255\243\345\240\2612025Q4_2722.TXT"
 create mode 100644 "2025/Q4/2723/\345\217\260\350\202\241\345\255\243\345\240\26120254_2723.md"
 create mode 100644 "2025/Q4/2723/\345\217\260\350\202\241\345\255\243\345\240\2612025Q4_2723.TXT"
 create mode 100644 "2025/Q4/2724/\345\217\260\350\202\241\345\255\243\345\240\26120254_2724.md"
 create mode 100644 "2025/Q4/2724/\345\217\260\350\202\241\345\255\243\345\240\2612025Q4_2724.TXT"
 create mode 100644 "2025/Q4/2726/\345\217\260\350\202\241\345\255\243\345\240\26120254_2726.md"
 create mode 100644 "2025/Q4/2726/\345\217\260\350\202\241\345\255\243\345\240\2612025Q4_2726.TXT"
 create mode 100644 "2025/Q4/2740/\345\217\260\350\202\241\345\255\243\345\240\26120254_2740.md"
 create mode 100644 "2025/Q4/2740/\345\217\260\350\202\241\345\255\243\345\240\2612025Q4_2740.TXT"
 create mode 100644 "2025/Q4/2743/\345\217\260\350\202\241\345\255\243\345\240\26120254_2743.md"
 create mode 100644 "2025/Q4/2743/\345\217\260\350\202\241\345\255\243\345\240\2612025Q4_2743.TXT"
 create mode 100644 "2025/Q4/2745/\345\217\260\350\202\241\345\255\243\345\240\26120254_2745.md"
 create mode 100644 "2025/Q4/2745/\345\217\260\350\202\241\345\255\243\345\240\2612025Q4_2745.TXT"
 create mode 100644 "2025/Q4/2748/\345\217\260\350\202\241\345\255\243\345\240\26120254_2748.md"
 create mode 100644 "2025/Q4/2748/\345\217\260\350\202\241\345\255\243\345\240\2612025Q4_2748.TXT"
 create mode 100644 "2025/Q4/2751/\345\217\260\350\202\241\345\255\243\345\240\26120254_2751.md"
 create mode 100644 "2025/Q4/2751/\345\217\260\350\202\241\345\255\243\345\240\2612025Q4_2751.TXT"
 create mode 100644 "2025/Q4/2812/\345\217\260\350\202\241\345\255\243\345\240\26120254_2812.md"
 create mode 100644 "2025/Q4/2812/\345\217\260\350\202\241\345\255\243\345\240\2612025Q4_2812.TXT"
 create mode 100644 "2025/Q4/2834/\345\217\260\350\202\241\345\255\243\345\240\26120254_2834.md"
 create mode 100644 "2025/Q4/2834/\345\217\260\350\202\241\345\255\243\345\240\2612025Q4_2834.TXT"
 create mode 100644 "2025/Q4/2881/\345\217\260\350\202\241\345\255\243\345\240\26120254_2881.md"
 create mode 100644 "2025/Q4/2881/\345\217\260\350\202\241\345\255\243\345\240\2612025Q4_2881.TXT"
 create mode 100644 "2025/Q4/2882/\345\217\260\350\202\241\345\255\243\345\240\26120254_2882.md"
 create mode 100644 "2025/Q4/2882/\345\217\260\350\202\241\345\255\243\345\240\2612025Q4_2882.TXT"
 create mode 100644 "2025/Q4/2883/\345\217\260\350\202\241\345\255\243\345\240\26120254_2883.md"
 create mode 100644 "2025/Q4/2883/\345\217\260\350\202\241\345\255\243\345\240\2612025Q4_2883.TXT"
 create mode 100644 "2025/Q4/2884/\345\217\260\350\202\241\345\255\243\345\240\26120254_2884.md"
 create mode 100644 "2025/Q4/2884/\345\217\260\350\202\241\345\255\243\345\240\2612025Q4_2884.TXT"
 create mode 100644 "2025/Q4/2897/\345\217\260\350\202\241\345\255\243\345\240\26120254_2897.md"
 create mode 100644 "2025/Q4/2897/\345\217\260\350\202\241\345\255\243\345\240\2612025Q4_2897.TXT"
 create mode 100644 "2025/Q4/2903/\345\217\260\350\202\241\345\255\243\345\240\26120254_2903.md"
 create mode 100644 "2025/Q4/2903/\345\217\260\350\202\241\345\255\243\345\240\2612025Q4_2903.TXT"
 create mode 100644 "2025/Q4/2904/\345\217\260\350\202\241\345\255\243\345\240\26120254_2904.md"
 create mode 100644 "2025/Q4/2904/\345\217\260\350\202\241\345\255\243\345\240\2612025Q4_2904.TXT"
 create mode 100644 "2025/Q4/2915/\345\217\260\350\202\241\345\255\243\345\240\26120254_2915.md"
 create mode 100644 "2025/Q4/2915/\345\217\260\350\202\241\345\255\243\345\240\2612025Q4_2915.TXT"
 create mode 100644 "2025/Q4/2923/\345\217\260\350\202\241\345\255\243\345\240\26120254_2923.md"
 create mode 100644 "2025/Q4/2923/\345\217\260\350\202\241\345\255\243\345\240\2612025Q4_2923.TXT"
 create mode 100644 "2025/Q4/2924/\345\217\260\350\202\241\345\255\243\345\240\26120254_2924.md"
 create mode 100644 "2025/Q4/2924/\345\217\260\350\202\241\345\255\243\345\240\2612025Q4_2924.TXT"
 create mode 100644 "2025/Q4/2926/\345\217\260\350\202\241\345\255\243\345\240\26120254_2926.md"
 create mode 100644 "2025/Q4/2926/\345\217\260\350\202\241\345\255\243\345\240\2612025Q4_2926.TXT"
 create mode 100644 "2025/Q4/2929/\345\217\260\350\202\241\345\255\243\345\240\26120254_2929.md"
 create mode 100644 "2025/Q4/2929/\345\217\260\350\202\241\345\255\243\345\240\2612025Q4_2929.TXT"
 create mode 100644 "2025/Q4/2937/\345\217\260\350\202\241\345\255\243\345\240\26120254_2937.md"
 create mode 100644 "2025/Q4/2937/\345\217\260\350\202\241\345\255\243\345\240\2612025Q4_2937.TXT"
 create mode 100644 "2025/Q4/3004/\345\217\260\350\202\241\345\255\243\345\240\26120254_3004.md"
 create mode 100644 "2025/Q4/3004/\345\217\260\350\202\241\345\255\243\345\240\2612025Q4_3004.TXT"
 create mode 100644 "2025/Q4/3005/\345\217\260\350\202\241\345\255\243\345\240\26120254_3005.md"
 create mode 100644 "2025/Q4/3005/\345\217\260\350\202\241\345\255\243\345\240\2612025Q4_3005.TXT"
 create mode 100644 "2025/Q4/3006/\345\217\260\350\202\241\345\255\243\345\240\26120254_3006.md"
 create mode 100644 "2025/Q4/3006/\345\217\260\350\202\241\345\255\243\345\240\2612025Q4_3006.TXT"
 create mode 100644 "2025/Q4/3008/\345\217\260\350\202\241\345\255\243\345\240\26120254_3008.md"
 create mode 100644 "2025/Q4/3008/\345\217\260\350\202\241\345\255\243\345\240\2612025Q4_3008.TXT"
 create mode 100644 "2025/Q4/3010/\345\217\260\350\202\241\345\255\243\345\240\26120254_3010.md"
 create mode 100644 "2025/Q4/3010/\345\217\260\350\202\241\345\255\243\345\240\2612025Q4_3010.TXT"
 create mode 100644 "2025/Q4/3011/\345\217\260\350\202\241\345\255\243\345\240\26120254_3011.md"
 create mode 100644 "2025/Q4/3011/\345\217\260\350\202\241\345\255\243\345\240\2612025Q4_3011.TXT"
 create mode 100644 "2025/Q4/3015/\345\217\260\350\202\241\345\255\243\345\240\26120254_3015.md"
 create mode 100644 "2025/Q4/3015/\345\217\260\350\202\241\345\255\243\345\240\2612025Q4_3015.TXT"
 create mode 100644 "2025/Q4/3016/\345\217\260\350\202\241\345\255\243\345\240\26120254_3016.md"
 create mode 100644 "2025/Q4/3016/\345\217\260\350\202\241\345\255\243\345\240\2612025Q4_3016.TXT"
 create mode 100644 "2025/Q4/3017/\345\217\260\350\202\241\345\255\243\345\240\26120254_3017.md"
 create mode 100644 "2025/Q4/3017/\345\217\260\350\202\241\345\255\243\345\240\2612025Q4_3017.TXT"
 create mode 100644 "2025/Q4/3018/\345\217\260\350\202\241\345\255\243\345\240\26120254_3018.md"
 create mode 100644 "2025/Q4/3018/\345\217\260\350\202\241\345\255\243\345\240\2612025Q4_3018.TXT"
 create mode 100644 "2025/Q4/3019/\345\217\260\350\202\241\345\255\243\345\240\26120254_3019.md"
 create mode 100644 "2025/Q4/3019/\345\217\260\350\202\241\345\255\243\345\240\2612025Q4_3019.TXT"
 create mode 100644 "2025/Q4/3021/\345\217\260\350\202\241\345\255\243\345\240\26120254_3021.md"
 create mode 100644 "2025/Q4/3021/\345\217\260\350\202\241\345\255\243\345\240\2612025Q4_3021.TXT"
 create mode 100644 "2025/Q4/3022/\345\217\260\350\202\241\345\255\243\345\240\26120254_3022.md"
 create mode 100644 "2025/Q4/3022/\345\217\260\350\202\241\345\255\243\345\240\2612025Q4_3022.TXT"
 create mode 100644 "2025/Q4/3023/\345\217\260\350\202\241\345\255\243\345\240\26120254_3023.md"
 create mode 100644 "2025/Q4/3023/\345\217\260\350\202\241\345\255\243\345\240\2612025Q4_3023.TXT"
 create mode 100644 "2025/Q4/3024/\345\217\260\350\202\241\345\255\243\345\240\26120254_3024.md"
 create mode 100644 "2025/Q4/3024/\345\217\260\350\202\241\345\255\243\345\240\2612025Q4_3024.TXT"
 create mode 100644 "2025/Q4/3025/\345\217\260\350\202\241\345\255\243\345\240\26120254_3025.md"
 create mode 100644 "2025/Q4/3025/\345\217\260\350\202\241\345\255\243\345\240\2612025Q4_3025.TXT"
 create mode 100644 "2025/Q4/3026/\345\217\260\350\202\241\345\255\243\345\240\26120254_3026.md"
 create mode 100644 "2025/Q4/3026/\345\217\260\350\202\241\345\255\243\345\240\2612025Q4_3026.TXT"
 create mode 100644 "2025/Q4/3027/\345\217\260\350\202\241\345\255\243\345\240\26120254_3027.md"
 create mode 100644 "2025/Q4/3027/\345\217\260\350\202\241\345\255\243\345\240\2612025Q4_3027.TXT"
 create mode 100644 "2025/Q4/3028/\345\217\260\350\202\241\345\255\243\345\240\26120254_3028.md"
 create mode 100644 "2025/Q4/3028/\345\217\260\350\202\241\345\255\243\345\240\2612025Q4_3028.TXT"
 create mode 100644 "2025/Q4/3030/\345\217\260\350\202\241\345\255\243\345\240\26120254_3030.md"
 create mode 100644 "2025/Q4/3030/\345\217\260\350\202\241\345\255\243\345\240\2612025Q4_3030.TXT"
 create mode 100644 "2025/Q4/3031/\345\217\260\350\202\241\345\255\243\345\240\26120254_3031.md"
 create mode 100644 "2025/Q4/3031/\345\217\260\350\202\241\345\255\243\345\240\2612025Q4_3031.TXT"
 create mode 100644 "2025/Q4/3032/\345\217\260\350\202\241\345\255\243\345\240\26120254_3032.md"
 create mode 100644 "2025/Q4/3032/\345\217\260\350\202\241\345\255\243\345\240\2612025Q4_3032.TXT"
 create mode 100644 "2025/Q4/3033/\345\217\260\350\202\241\345\255\243\345\240\26120254_3033.md"
 create mode 100644 "2025/Q4/3033/\345\217\260\350\202\241\345\255\243\345\240\2612025Q4_3033.TXT"
 create mode 100644 "2025/Q4/3034/\345\217\260\350\202\241\345\255\243\345\240\26120254_3034.md"
 create mode 100644 "2025/Q4/3034/\345\217\260\350\202\241\345\255\243\345\240\2612025Q4_3034.TXT"
 create mode 100644 "2025/Q4/3035/\345\217\260\350\202\241\345\255\243\345\240\26120254_3035.md"
 create mode 100644 "2025/Q4/3035/\345\217\260\350\202\241\345\255\243\345\240\2612025Q4_3035.TXT"
 create mode 100644 "2025/Q4/3036/\345\217\260\350\202\241\345\255\243\345\240\26120254_3036.md"
 create mode 100644 "2025/Q4/3036/\345\217\260\350\202\241\345\255\243\345\240\2612025Q4_3036.TXT"
 create mode 100644 "2025/Q4/3037/\345\217\260\350\202\241\345\255\243\345\240\26120254_3037.md"
 create mode 100644 "2025/Q4/3037/\345\217\260\350\202\241\345\255\243\345\240\2612025Q4_3037.TXT"
 create mode 100644 "2025/Q4/3038/\345\217\260\350\202\241\345\255\243\345\240\26120254_3038.md"
 create mode 100644 "2025/Q4/3038/\345\217\260\350\202\241\345\255\243\345\240\2612025Q4_3038.TXT"
 create mode 100644 "2025/Q4/3040/\345\217\260\350\202\241\345\255\243\345\240\26120254_3040.md"
 create mode 100644 "2025/Q4/3040/\345\217\260\350\202\241\345\255\243\345\240\2612025Q4_3040.TXT"
 create mode 100644 "2025/Q4/3041/\345\217\260\350\202\241\345\255\243\345\240\26120254_3041.md"
 create mode 100644 "2025/Q4/3041/\345\217\260\350\202\241\345\255\243\345\240\2612025Q4_3041.TXT"
 create mode 100644 "2025/Q4/3042/\345\217\260\350\202\241\345\255\243\345\240\26120254_3042.md"
 create mode 100644 "2025/Q4/3042/\345\217\260\350\202\241\345\255\243\345\240\2612025Q4_3042.TXT"
 create mode 100644 "2025/Q4/3043/\345\217\260\350\202\241\345\255\243\345\240\26120254_3043.md"
 create mode 100644 "2025/Q4/3043/\345\217\260\350\202\241\345\255\243\345\240\2612025Q4_3043.TXT"
 create mode 100644 "2025/Q4/3044/\345\217\260\350\202\241\345\255\243\345\240\26120254_3044.md"
 create mode 100644 "2025/Q4/3044/\345\217\260\350\202\241\345\255\243\345\240\2612025Q4_3044.TXT"
 create mode 100644 "2025/Q4/3047/\345\217\260\350\202\241\345\255\243\345\240\26120254_3047.md"
 create mode 100644 "2025/Q4/3047/\345\217\260\350\202\241\345\255\243\345\240\2612025Q4_3047.TXT"
 create mode 100644 "2025/Q4/3048/\345\217\260\350\202\241\345\255\243\345\240\26120254_3048.md"
 create mode 100644 "2025/Q4/3048/\345\217\260\350\202\241\345\255\243\345\240\2612025Q4_3048.TXT"
 create mode 100644 "2025/Q4/3049/\345\217\260\350\202\241\345\255\243\345\240\26120254_3049.md"
 create mode 100644 "2025/Q4/3049/\345\217\260\350\202\241\345\255\243\345\240\2612025Q4_3049.TXT"
 create mode 100644 "2025/Q4/3050/\345\217\260\350\202\241\345\255\243\345\240\26120254_3050.md"
 create mode 100644 "2025/Q4/3050/\345\217\260\350\202\241\345\255\243\345\240\2612025Q4_3050.TXT"
 create mode 100644 "2025/Q4/3051/\345\217\260\350\202\241\345\255\243\345\240\26120254_3051.md"
 create mode 100644 "2025/Q4/3051/\345\217\260\350\202\241\345\255\243\345\240\2612025Q4_3051.TXT"
 create mode 100644 "2025/Q4/3052/\345\217\260\350\202\241\345\255\243\345\240\26120254_3052.md"
 create mode 100644 "2025/Q4/3052/\345\217\260\350\202\241\345\255\243\345\240\2612025Q4_3052.TXT"
 create mode 100644 "2025/Q4/3054/\345\217\260\350\202\241\345\255\243\345\240\26120254_3054.md"
 create mode 100644 "2025/Q4/3054/\345\217\260\350\202\241\345\255\243\345\240\2612025Q4_3054.TXT"
 create mode 100644 "2025/Q4/3055/\345\217\260\350\202\241\345\255\243\345\240\26120254_3055.md"
 create mode 100644 "2025/Q4/3055/\345\217\260\350\202\241\345\255\243\345\240\2612025Q4_3055.TXT"
 create mode 100644 "2025/Q4/3056/\345\217\260\350\202\241\345\255\243\345\240\26120254_3056.md"
 create mode 100644 "2025/Q4/3056/\345\217\260\350\202\241\345\255\243\345\240\2612025Q4_3056.TXT"
 create mode 100644 "2025/Q4/3057/\345\217\260\350\202\241\345\255\243\345\240\26120254_3057.md"
 create mode 100644 "2025/Q4/3057/\345\217\260\350\202\241\345\255\243\345\240\2612025Q4_3057.TXT"
 create mode 100644 "2025/Q4/3058/\345\217\260\350\202\241\345\255\243\345\240\26120254_3058.md"
 create mode 100644 "2025/Q4/3058/\345\217\260\350\202\241\345\255\243\345\240\2612025Q4_3058.TXT"
 create mode 100644 "2025/Q4/3059/\345\217\260\350\202\241\345\255\243\345\240\26120254_3059.md"
 create mode 100644 "2025/Q4/3059/\345\217\260\350\202\241\345\255\243\345\240\2612025Q4_3059.TXT"
 create mode 100644 "2025/Q4/3060/\345\217\260\350\202\241\345\255\243\345\240\26120254_3060.md"
 create mode 100644 "2025/Q4/3060/\345\217\260\350\202\241\345\255\243\345\240\2612025Q4_3060.TXT"
 create mode 100644 "2025/Q4/3062/\345\217\260\350\202\241\345\255\243\345\240\26120254_3062.md"
 create mode 100644 "2025/Q4/3062/\345\217\260\350\202\241\345\255\243\345\240\2612025Q4_3062.TXT"
 create mode 100644 "2025/Q4/3083/\345\217\260\350\202\241\345\255\243\345\240\26120254_3083.md"
 create mode 100644 "2025/Q4/3083/\345\217\260\350\202\241\345\255\243\345\240\2612025Q4_3083.TXT"
 create mode 100644 "2025/Q4/3085/\345\217\260\350\202\241\345\255\243\345\240\26120254_3085.md"
 create mode 100644 "2025/Q4/3085/\345\217\260\350\202\241\345\255\243\345\240\2612025Q4_3085.TXT"
 create mode 100644 "2025/Q4/3086/\345\217\260\350\202\241\345\255\243\345\240\26120254_3086.md"
 create mode 100644 "2025/Q4/3086/\345\217\260\350\202\241\345\255\243\345\240\2612025Q4_3086.TXT"
 create mode 100644 "2025/Q4/3088/\345\217\260\350\202\241\345\255\243\345\240\26120254_3088.md"
 create mode 100644 "2025/Q4/3088/\345\217\260\350\202\241\345\255\243\345\240\2612025Q4_3088.TXT"
 create mode 100644 "2025/Q4/3090/\345\217\260\350\202\241\345\255\243\345\240\26120254_3090.md"
 create mode 100644 "2025/Q4/3090/\345\217\260\350\202\241\345\255\243\345\240\2612025Q4_3090.TXT"
 create mode 100644 "2025/Q4/3092/\345\217\260\350\202\241\345\255\243\345\240\26120254_3092.md"
 create mode 100644 "2025/Q4/3092/\345\217\260\350\202\241\345\255\243\345\240\2612025Q4_3092.TXT"
 create mode 100644 "2025/Q4/3115/\345\217\260\350\202\241\345\255\243\345\240\26120254_3115.md"
 create mode 100644 "2025/Q4/3115/\345\217\260\350\202\241\345\255\243\345\240\2612025Q4_3115.TXT"
 create mode 100644 "2025/Q4/3122/\345\217\260\350\202\241\345\255\243\345\240\26120254_3122.md"
 create mode 100644 "2025/Q4/3122/\345\217\260\350\202\241\345\255\243\345\240\2612025Q4_3122.TXT"
 create mode 100644 "2025/Q4/3128/\345\217\260\350\202\241\345\255\243\345\240\26120254_3128.md"
 create mode 100644 "2025/Q4/3128/\345\217\260\350\202\241\345\255\243\345\240\2612025Q4_3128.TXT"
 create mode 100644 "2025/Q4/3130/\345\217\260\350\202\241\345\255\243\345\240\26120254_3130.md"
 create mode 100644 "2025/Q4/3130/\345\217\260\350\202\241\345\255\243\345\240\2612025Q4_3130.TXT"
 create mode 100644 "2025/Q4/3131/\345\217\260\350\202\241\345\255\243\345\240\26120254_3131.md"
 create mode 100644 "2025/Q4/3131/\345\217\260\350\202\241\345\255\243\345\240\2612025Q4_3131.TXT"
 create mode 100644 "2025/Q4/4543/\345\217\260\350\202\241\345\255\243\345\240\261202504_4543.md"
 create mode 100644 "2025/Q4/4543/\345\217\260\350\202\241\345\255\243\345\240\2612025Q04_4543.TXT"
 create mode 100644 "2025/Q4/8438/\345\217\260\350\202\241\345\255\243\345\240\26120254_8438.md"
 create mode 100644 "2025/Q4/8438/\345\217\260\350\202\241\345\255\243\345\240\2612025Q4_8438.TXT"
 mode change 100644 => 100755 scripts/organize_reports.py
 create mode 100755 scripts/sync_to_github.sh
 create mode 100644 sync.err.log
 create mode 100644 sync.log
fatal: unable to access 'https://github.com/openclawGit200/twse-reports-lib.git/': Error in the HTTP2 framing layer
[2026-04-12 23:00:02] 開始同步季報至 GitHub...
Q4: 1743 TXT, 1743 MD copied, 98 empty skipped
Q3: 434 TXT, 434 MD copied, 72 empty skipped
